Analysis & Synthesis report for riscvsingle
Thu Dec 14 17:51:49 2023
Quartus Prime Version 21.1.0 Build 842 10/21/2021 SJ Lite Edition


---------------------
; Table of Contents ;
---------------------
  1. Legal Notice
  2. Analysis & Synthesis Summary
  3. Analysis & Synthesis Settings
  4. Parallel Compilation
  5. Analysis & Synthesis Source Files Read
  6. Analysis & Synthesis Resource Usage Summary
  7. Analysis & Synthesis Resource Utilization by Entity
  8. General Register Statistics
  9. Parameter Settings for User Entity Instance: Top-level Entity: |top
 10. Parameter Settings for User Entity Instance: riscvsingle:rvsingle
 11. Parameter Settings for User Entity Instance: riscvsingle:rvsingle|controller:c
 12. Parameter Settings for User Entity Instance: riscvsingle:rvsingle|controller:c|maindec:md
 13. Parameter Settings for User Entity Instance: riscvsingle:rvsingle|controller:c|aludec:ad
 14. Parameter Settings for User Entity Instance: riscvsingle:rvsingle|datapath:dp
 15. Parameter Settings for User Entity Instance: riscvsingle:rvsingle|datapath:dp|flopr:pcreg
 16. Parameter Settings for User Entity Instance: riscvsingle:rvsingle|datapath:dp|adder:pcadd4
 17. Parameter Settings for User Entity Instance: riscvsingle:rvsingle|datapath:dp|adder:pcaddbranch
 18. Parameter Settings for User Entity Instance: riscvsingle:rvsingle|datapath:dp|mux2:pcmux
 19. Parameter Settings for User Entity Instance: riscvsingle:rvsingle|datapath:dp|regfile:rf
 20. Parameter Settings for User Entity Instance: riscvsingle:rvsingle|datapath:dp|extend:ext
 21. Parameter Settings for User Entity Instance: riscvsingle:rvsingle|datapath:dp|mux2:srcbmux
 22. Parameter Settings for User Entity Instance: riscvsingle:rvsingle|datapath:dp|alu:mainalu
 23. Parameter Settings for User Entity Instance: riscvsingle:rvsingle|datapath:dp|mux3:resultmux
 24. Parameter Settings for User Entity Instance: imem:imem1
 25. Parameter Settings for User Entity Instance: dmem:dmem1
 26. Port Connectivity Checks: "riscvsingle:rvsingle|datapath:dp|alu:mainalu"
 27. Port Connectivity Checks: "riscvsingle:rvsingle|datapath:dp|adder:pcadd4"
 28. Port Connectivity Checks: "riscvsingle:rvsingle|controller:c"
 29. Post-Synthesis Netlist Statistics for Top Partition
 30. Elapsed Time Per Partition
 31. Analysis & Synthesis Messages



----------------
; Legal Notice ;
----------------
Copyright (C) 2021  Intel Corporation. All rights reserved.
Your use of Intel Corporation's design tools, logic functions 
and other software and tools, and any partner logic 
functions, and any output files from any of the foregoing 
(including device programming or simulation files), and any 
associated documentation or information are expressly subject 
to the terms and conditions of the Intel Program License 
Subscription Agreement, the Intel Quartus Prime License Agreement,
the Intel FPGA IP License Agreement, or other applicable license
agreement, including, without limitation, that your use is for
the sole purpose of programming logic devices manufactured by
Intel and sold by Intel or its authorized distributors.  Please
refer to the applicable agreement for further details, at
https://fpgasoftware.intel.com/eula.



+----------------------------------------------------------------------------------+
; Analysis & Synthesis Summary                                                     ;
+------------------------------------+---------------------------------------------+
; Analysis & Synthesis Status        ; Successful - Thu Dec 14 17:51:49 2023       ;
; Quartus Prime Version              ; 21.1.0 Build 842 10/21/2021 SJ Lite Edition ;
; Revision Name                      ; riscvsingle                                 ;
; Top-level Entity Name              ; top                                         ;
; Family                             ; MAX 10                                      ;
; Total logic elements               ; 0                                           ;
;     Total combinational functions  ; 0                                           ;
;     Dedicated logic registers      ; 0                                           ;
; Total registers                    ; 0                                           ;
; Total pins                         ; 67                                          ;
; Total virtual pins                 ; 0                                           ;
; Total memory bits                  ; 0                                           ;
; Embedded Multiplier 9-bit elements ; 0                                           ;
; Total PLLs                         ; 0                                           ;
; UFM blocks                         ; 0                                           ;
; ADC blocks                         ; 0                                           ;
+------------------------------------+---------------------------------------------+


+------------------------------------------------------------------------------------------------------------+
; Analysis & Synthesis Settings                                                                              ;
+------------------------------------------------------------------+--------------------+--------------------+
; Option                                                           ; Setting            ; Default Value      ;
+------------------------------------------------------------------+--------------------+--------------------+
; Device                                                           ; 10M50DAF484C7G     ;                    ;
; Top-level entity name                                            ; top                ; riscvsingle        ;
; Family name                                                      ; MAX 10             ; Cyclone V          ;
; VHDL Show LMF Mapping Messages                                   ; Off                ;                    ;
; VHDL Version                                                     ; VHDL_2008          ; VHDL_1993          ;
; Use smart compilation                                            ; Off                ; Off                ;
; Enable parallel Assembler and Timing Analyzer during compilation ; On                 ; On                 ;
; Enable compact report table                                      ; Off                ; Off                ;
; Restructure Multiplexers                                         ; Auto               ; Auto               ;
; Create Debugging Nodes for IP Cores                              ; Off                ; Off                ;
; Preserve fewer node names                                        ; On                 ; On                 ;
; Intel FPGA IP Evaluation Mode                                    ; Enable             ; Enable             ;
; Verilog Version                                                  ; Verilog_2001       ; Verilog_2001       ;
; State Machine Processing                                         ; Auto               ; Auto               ;
; Safe State Machine                                               ; Off                ; Off                ;
; Extract Verilog State Machines                                   ; On                 ; On                 ;
; Extract VHDL State Machines                                      ; On                 ; On                 ;
; Ignore Verilog initial constructs                                ; Off                ; Off                ;
; Iteration limit for constant Verilog loops                       ; 5000               ; 5000               ;
; Iteration limit for non-constant Verilog loops                   ; 250                ; 250                ;
; Add Pass-Through Logic to Inferred RAMs                          ; On                 ; On                 ;
; Infer RAMs from Raw Logic                                        ; On                 ; On                 ;
; Parallel Synthesis                                               ; On                 ; On                 ;
; DSP Block Balancing                                              ; Auto               ; Auto               ;
; NOT Gate Push-Back                                               ; On                 ; On                 ;
; Power-Up Don't Care                                              ; On                 ; On                 ;
; Remove Redundant Logic Cells                                     ; Off                ; Off                ;
; Remove Duplicate Registers                                       ; On                 ; On                 ;
; Ignore CARRY Buffers                                             ; Off                ; Off                ;
; Ignore CASCADE Buffers                                           ; Off                ; Off                ;
; Ignore GLOBAL Buffers                                            ; Off                ; Off                ;
; Ignore ROW GLOBAL Buffers                                        ; Off                ; Off                ;
; Ignore LCELL Buffers                                             ; Off                ; Off                ;
; Ignore SOFT Buffers                                              ; On                 ; On                 ;
; Limit AHDL Integers to 32 Bits                                   ; Off                ; Off                ;
; Optimization Technique                                           ; Balanced           ; Balanced           ;
; Carry Chain Length                                               ; 70                 ; 70                 ;
; Auto Carry Chains                                                ; On                 ; On                 ;
; Auto Open-Drain Pins                                             ; On                 ; On                 ;
; Perform WYSIWYG Primitive Resynthesis                            ; Off                ; Off                ;
; Auto ROM Replacement                                             ; On                 ; On                 ;
; Auto RAM Replacement                                             ; On                 ; On                 ;
; Auto DSP Block Replacement                                       ; On                 ; On                 ;
; Auto Shift Register Replacement                                  ; Auto               ; Auto               ;
; Allow Shift Register Merging across Hierarchies                  ; Auto               ; Auto               ;
; Auto Clock Enable Replacement                                    ; On                 ; On                 ;
; Strict RAM Replacement                                           ; Off                ; Off                ;
; Allow Synchronous Control Signals                                ; On                 ; On                 ;
; Force Use of Synchronous Clear Signals                           ; Off                ; Off                ;
; Auto RAM Block Balancing                                         ; On                 ; On                 ;
; Auto RAM to Logic Cell Conversion                                ; Off                ; Off                ;
; Auto Resource Sharing                                            ; Off                ; Off                ;
; Allow Any RAM Size For Recognition                               ; Off                ; Off                ;
; Allow Any ROM Size For Recognition                               ; Off                ; Off                ;
; Allow Any Shift Register Size For Recognition                    ; Off                ; Off                ;
; Use LogicLock Constraints during Resource Balancing              ; On                 ; On                 ;
; Ignore translate_off and synthesis_off directives                ; Off                ; Off                ;
; Timing-Driven Synthesis                                          ; On                 ; On                 ;
; Report Parameter Settings                                        ; On                 ; On                 ;
; Report Source Assignments                                        ; On                 ; On                 ;
; Report Connectivity Checks                                       ; On                 ; On                 ;
; Ignore Maximum Fan-Out Assignments                               ; Off                ; Off                ;
; Synchronization Register Chain Length                            ; 2                  ; 2                  ;
; Power Optimization During Synthesis                              ; Normal compilation ; Normal compilation ;
; HDL message level                                                ; Level2             ; Level2             ;
; Suppress Register Optimization Related Messages                  ; Off                ; Off                ;
; Number of Removed Registers Reported in Synthesis Report         ; 5000               ; 5000               ;
; Number of Swept Nodes Reported in Synthesis Report               ; 5000               ; 5000               ;
; Number of Inverted Registers Reported in Synthesis Report        ; 100                ; 100                ;
; Clock MUX Protection                                             ; On                 ; On                 ;
; Auto Gated Clock Conversion                                      ; Off                ; Off                ;
; Block Design Naming                                              ; Auto               ; Auto               ;
; SDC constraint protection                                        ; Off                ; Off                ;
; Synthesis Effort                                                 ; Auto               ; Auto               ;
; Shift Register Replacement - Allow Asynchronous Clear Signal     ; On                 ; On                 ;
; Pre-Mapping Resynthesis Optimization                             ; Off                ; Off                ;
; Analysis & Synthesis Message Level                               ; Medium             ; Medium             ;
; Disable Register Merging Across Hierarchies                      ; Auto               ; Auto               ;
; Resource Aware Inference For Block RAM                           ; On                 ; On                 ;
+------------------------------------------------------------------+--------------------+--------------------+


+------------------------------------------+
; Parallel Compilation                     ;
+----------------------------+-------------+
; Processors                 ; Number      ;
+----------------------------+-------------+
; Number detected on machine ; 4           ;
; Maximum allowed            ; 4           ;
;                            ;             ;
; Average used               ; 1.00        ;
; Maximum used               ; 1           ;
;                            ;             ;
; Usage by Processor         ; % Time Used ;
;     Processor 1            ; 100.0%      ;
+----------------------------+-------------+


+-----------------------------------------------------------------------------------------------------------------------------------------------------+
; Analysis & Synthesis Source Files Read                                                                                                              ;
+----------------------------------+-----------------+-----------------+--------------------------------------------------------------------+---------+
; File Name with User-Entered Path ; Used in Netlist ; File Type       ; File Name with Absolute Path                                       ; Library ;
+----------------------------------+-----------------+-----------------+--------------------------------------------------------------------+---------+
; ../src/top.vhd                   ; yes             ; User VHDL File  ; C:/Users/Usuario/Desktop/colombari/Projeto2023/src/top.vhd         ;         ;
; ../src/testbench.vhd             ; yes             ; User VHDL File  ; C:/Users/Usuario/Desktop/colombari/Projeto2023/src/testbench.vhd   ;         ;
; ../src/imem.vhd                  ; yes             ; User VHDL File  ; C:/Users/Usuario/Desktop/colombari/Projeto2023/src/imem.vhd        ;         ;
; ../src/dmem.vhd                  ; yes             ; User VHDL File  ; C:/Users/Usuario/Desktop/colombari/Projeto2023/src/dmem.vhd        ;         ;
; ../src/riscvsingle.vhd           ; yes             ; User VHDL File  ; C:/Users/Usuario/Desktop/colombari/Projeto2023/src/riscvsingle.vhd ;         ;
; ../src/controller.vhd            ; yes             ; User VHDL File  ; C:/Users/Usuario/Desktop/colombari/Projeto2023/src/controller.vhd  ;         ;
; ../src/aludec.vhd                ; yes             ; User VHDL File  ; C:/Users/Usuario/Desktop/colombari/Projeto2023/src/aludec.vhd      ;         ;
; ../src/maindec.vhd               ; yes             ; User VHDL File  ; C:/Users/Usuario/Desktop/colombari/Projeto2023/src/maindec.vhd     ;         ;
; ../src/datapath.vhd              ; yes             ; User VHDL File  ; C:/Users/Usuario/Desktop/colombari/Projeto2023/src/datapath.vhd    ;         ;
; ../src/adder.vhd                 ; yes             ; User VHDL File  ; C:/Users/Usuario/Desktop/colombari/Projeto2023/src/adder.vhd       ;         ;
; ../src/regfile.vhd               ; yes             ; User VHDL File  ; C:/Users/Usuario/Desktop/colombari/Projeto2023/src/regfile.vhd     ;         ;
; ../src/alu.vhd                   ; yes             ; User VHDL File  ; C:/Users/Usuario/Desktop/colombari/Projeto2023/src/alu.vhd         ;         ;
; ../src/riscv_pkg.vhd             ; yes             ; User VHDL File  ; C:/Users/Usuario/Desktop/colombari/Projeto2023/src/riscv_pkg.vhd   ;         ;
; ../src/mux3.vhd                  ; yes             ; User VHDL File  ; C:/Users/Usuario/Desktop/colombari/Projeto2023/src/mux3.vhd        ;         ;
; ../src/mux2.vhd                  ; yes             ; User VHDL File  ; C:/Users/Usuario/Desktop/colombari/Projeto2023/src/mux2.vhd        ;         ;
; ../src/flopr.vhd                 ; yes             ; User VHDL File  ; C:/Users/Usuario/Desktop/colombari/Projeto2023/src/flopr.vhd       ;         ;
; ../src/flopenr.vhd               ; yes             ; User VHDL File  ; C:/Users/Usuario/Desktop/colombari/Projeto2023/src/flopenr.vhd     ;         ;
; ../src/extend.vhd                ; yes             ; User VHDL File  ; C:/Users/Usuario/Desktop/colombari/Projeto2023/src/extend.vhd      ;         ;
+----------------------------------+-----------------+-----------------+--------------------------------------------------------------------+---------+


+-------------------------------------------------------------------+
; Analysis & Synthesis Resource Usage Summary                       ;
+---------------------------------------------+---------------------+
; Resource                                    ; Usage               ;
+---------------------------------------------+---------------------+
;                                             ;                     ;
; Total combinational functions               ; 0                   ;
; Logic element usage by number of LUT inputs ;                     ;
;     -- 4 input functions                    ; 0                   ;
;     -- 3 input functions                    ; 0                   ;
;     -- <=2 input functions                  ; 0                   ;
;                                             ;                     ;
; Logic elements by mode                      ;                     ;
;     -- normal mode                          ; 0                   ;
;     -- arithmetic mode                      ; 0                   ;
;                                             ;                     ;
; Total registers                             ; 0                   ;
;     -- Dedicated logic registers            ; 0                   ;
;     -- I/O registers                        ; 0                   ;
;                                             ;                     ;
; I/O pins                                    ; 67                  ;
;                                             ;                     ;
; Embedded Multiplier 9-bit elements          ; 0                   ;
;                                             ;                     ;
; Maximum fan-out node                        ; WriteData[0]~output ;
; Maximum fan-out                             ; 1                   ;
; Total fan-out                               ; 67                  ;
; Average fan-out                             ; 0.50                ;
+---------------------------------------------+---------------------+


+------------------------------------------------------------------------------------------------------------------------------------------------------------------------------------------------------------------------------------+
; Analysis & Synthesis Resource Utilization by Entity                                                                                                                                                                                ;
+----------------------------+---------------------+---------------------------+-------------+------------+--------------+---------+-----------+------+--------------+------------+---------------------+-------------+--------------+
; Compilation Hierarchy Node ; Combinational ALUTs ; Dedicated Logic Registers ; Memory Bits ; UFM Blocks ; DSP Elements ; DSP 9x9 ; DSP 18x18 ; Pins ; Virtual Pins ; ADC blocks ; Full Hierarchy Name ; Entity Name ; Library Name ;
+----------------------------+---------------------+---------------------------+-------------+------------+--------------+---------+-----------+------+--------------+------------+---------------------+-------------+--------------+
; |top                       ; 0 (0)               ; 0 (0)                     ; 0           ; 0          ; 0            ; 0       ; 0         ; 67   ; 0            ; 0          ; |top                ; top         ; work         ;
+----------------------------+---------------------+---------------------------+-------------+------------+--------------+---------+-----------+------+--------------+------------+---------------------+-------------+--------------+
Note: For table entries with two numbers listed, the numbers in parentheses indicate the number of resources of the given type used by the specific entity alone. The numbers listed outside of parentheses indicate the total resources of the given type used by the specific entity and all of its sub-entities in the hierarchy.


+------------------------------------------------------+
; General Register Statistics                          ;
+----------------------------------------------+-------+
; Statistic                                    ; Value ;
+----------------------------------------------+-------+
; Total registers                              ; 0     ;
; Number of registers using Synchronous Clear  ; 0     ;
; Number of registers using Synchronous Load   ; 0     ;
; Number of registers using Asynchronous Clear ; 0     ;
; Number of registers using Asynchronous Load  ; 0     ;
; Number of registers using Clock Enable       ; 0     ;
; Number of registers using Preset             ; 0     ;
+----------------------------------------------+-------+


+---------------------------------------------------------------------+
; Parameter Settings for User Entity Instance: Top-level Entity: |top ;
+------------------+-------+------------------------------------------+
; Parameter Name   ; Value ; Type                                     ;
+------------------+-------+------------------------------------------+
; RISCV_Data_Width ; 32    ; Signed Integer                           ;
+------------------+-------+------------------------------------------+
Note: In order to hide this table in the UI and the text report file, please set the "Show Parameter Settings in Synthesis Report" option in "Analysis and Synthesis Settings -> More Settings" to "Off".


+-------------------------------------------------------------------+
; Parameter Settings for User Entity Instance: riscvsingle:rvsingle ;
+----------------+-------+------------------------------------------+
; Parameter Name ; Value ; Type                                     ;
+----------------+-------+------------------------------------------+
; width          ; 32    ; Signed Integer                           ;
+----------------+-------+------------------------------------------+
Note: In order to hide this table in the UI and the text report file, please set the "Show Parameter Settings in Synthesis Report" option in "Analysis and Synthesis Settings -> More Settings" to "Off".


+--------------------------------------------------------------------------------+
; Parameter Settings for User Entity Instance: riscvsingle:rvsingle|controller:c ;
+----------------+-------+-------------------------------------------------------+
; Parameter Name ; Value ; Type                                                  ;
+----------------+-------+-------------------------------------------------------+
; width          ; 32    ; Signed Integer                                        ;
+----------------+-------+-------------------------------------------------------+
Note: In order to hide this table in the UI and the text report file, please set the "Show Parameter Settings in Synthesis Report" option in "Analysis and Synthesis Settings -> More Settings" to "Off".


+-------------------------------------------------------------------------------------------+
; Parameter Settings for User Entity Instance: riscvsingle:rvsingle|controller:c|maindec:md ;
+----------------+-------+------------------------------------------------------------------+
; Parameter Name ; Value ; Type                                                             ;
+----------------+-------+------------------------------------------------------------------+
; width          ; 32    ; Signed Integer                                                   ;
+----------------+-------+------------------------------------------------------------------+
Note: In order to hide this table in the UI and the text report file, please set the "Show Parameter Settings in Synthesis Report" option in "Analysis and Synthesis Settings -> More Settings" to "Off".


+------------------------------------------------------------------------------------------+
; Parameter Settings for User Entity Instance: riscvsingle:rvsingle|controller:c|aludec:ad ;
+----------------+-------+-----------------------------------------------------------------+
; Parameter Name ; Value ; Type                                                            ;
+----------------+-------+-----------------------------------------------------------------+
; width          ; 32    ; Signed Integer                                                  ;
+----------------+-------+-----------------------------------------------------------------+
Note: In order to hide this table in the UI and the text report file, please set the "Show Parameter Settings in Synthesis Report" option in "Analysis and Synthesis Settings -> More Settings" to "Off".


+-------------------------------------------------------------------------------+
; Parameter Settings for User Entity Instance: riscvsingle:rvsingle|datapath:dp ;
+----------------+-------+------------------------------------------------------+
; Parameter Name ; Value ; Type                                                 ;
+----------------+-------+------------------------------------------------------+
; width          ; 32    ; Signed Integer                                       ;
+----------------+-------+------------------------------------------------------+
Note: In order to hide this table in the UI and the text report file, please set the "Show Parameter Settings in Synthesis Report" option in "Analysis and Synthesis Settings -> More Settings" to "Off".


+-------------------------------------------------------------------------------------------+
; Parameter Settings for User Entity Instance: riscvsingle:rvsingle|datapath:dp|flopr:pcreg ;
+----------------+-------+------------------------------------------------------------------+
; Parameter Name ; Value ; Type                                                             ;
+----------------+-------+------------------------------------------------------------------+
; width          ; 32    ; Signed Integer                                                   ;
+----------------+-------+------------------------------------------------------------------+
Note: In order to hide this table in the UI and the text report file, please set the "Show Parameter Settings in Synthesis Report" option in "Analysis and Synthesis Settings -> More Settings" to "Off".


+--------------------------------------------------------------------------------------------+
; Parameter Settings for User Entity Instance: riscvsingle:rvsingle|datapath:dp|adder:pcadd4 ;
+----------------+-------+-------------------------------------------------------------------+
; Parameter Name ; Value ; Type                                                              ;
+----------------+-------+-------------------------------------------------------------------+
; width          ; 32    ; Signed Integer                                                    ;
+----------------+-------+-------------------------------------------------------------------+
Note: In order to hide this table in the UI and the text report file, please set the "Show Parameter Settings in Synthesis Report" option in "Analysis and Synthesis Settings -> More Settings" to "Off".


+-------------------------------------------------------------------------------------------------+
; Parameter Settings for User Entity Instance: riscvsingle:rvsingle|datapath:dp|adder:pcaddbranch ;
+----------------+-------+------------------------------------------------------------------------+
; Parameter Name ; Value ; Type                                                                   ;
+----------------+-------+------------------------------------------------------------------------+
; width          ; 32    ; Signed Integer                                                         ;
+----------------+-------+------------------------------------------------------------------------+
Note: In order to hide this table in the UI and the text report file, please set the "Show Parameter Settings in Synthesis Report" option in "Analysis and Synthesis Settings -> More Settings" to "Off".


+------------------------------------------------------------------------------------------+
; Parameter Settings for User Entity Instance: riscvsingle:rvsingle|datapath:dp|mux2:pcmux ;
+----------------+-------+-----------------------------------------------------------------+
; Parameter Name ; Value ; Type                                                            ;
+----------------+-------+-----------------------------------------------------------------+
; width          ; 32    ; Signed Integer                                                  ;
+----------------+-------+-----------------------------------------------------------------+
Note: In order to hide this table in the UI and the text report file, please set the "Show Parameter Settings in Synthesis Report" option in "Analysis and Synthesis Settings -> More Settings" to "Off".


+------------------------------------------------------------------------------------------+
; Parameter Settings for User Entity Instance: riscvsingle:rvsingle|datapath:dp|regfile:rf ;
+----------------+-------+-----------------------------------------------------------------+
; Parameter Name ; Value ; Type                                                            ;
+----------------+-------+-----------------------------------------------------------------+
; width          ; 32    ; Signed Integer                                                  ;
+----------------+-------+-----------------------------------------------------------------+
Note: In order to hide this table in the UI and the text report file, please set the "Show Parameter Settings in Synthesis Report" option in "Analysis and Synthesis Settings -> More Settings" to "Off".


+------------------------------------------------------------------------------------------+
; Parameter Settings for User Entity Instance: riscvsingle:rvsingle|datapath:dp|extend:ext ;
+----------------+-------+-----------------------------------------------------------------+
; Parameter Name ; Value ; Type                                                            ;
+----------------+-------+-----------------------------------------------------------------+
; width          ; 32    ; Signed Integer                                                  ;
+----------------+-------+-----------------------------------------------------------------+
Note: In order to hide this table in the UI and the text report file, please set the "Show Parameter Settings in Synthesis Report" option in "Analysis and Synthesis Settings -> More Settings" to "Off".


+--------------------------------------------------------------------------------------------+
; Parameter Settings for User Entity Instance: riscvsingle:rvsingle|datapath:dp|mux2:srcbmux ;
+----------------+-------+-------------------------------------------------------------------+
; Parameter Name ; Value ; Type                                                              ;
+----------------+-------+-------------------------------------------------------------------+
; width          ; 32    ; Signed Integer                                                    ;
+----------------+-------+-------------------------------------------------------------------+
Note: In order to hide this table in the UI and the text report file, please set the "Show Parameter Settings in Synthesis Report" option in "Analysis and Synthesis Settings -> More Settings" to "Off".


+-------------------------------------------------------------------------------------------+
; Parameter Settings for User Entity Instance: riscvsingle:rvsingle|datapath:dp|alu:mainalu ;
+----------------+-------+------------------------------------------------------------------+
; Parameter Name ; Value ; Type                                                             ;
+----------------+-------+------------------------------------------------------------------+
; width          ; 32    ; Signed Integer                                                   ;
+----------------+-------+------------------------------------------------------------------+
Note: In order to hide this table in the UI and the text report file, please set the "Show Parameter Settings in Synthesis Report" option in "Analysis and Synthesis Settings -> More Settings" to "Off".


+----------------------------------------------------------------------------------------------+
; Parameter Settings for User Entity Instance: riscvsingle:rvsingle|datapath:dp|mux3:resultmux ;
+----------------+-------+---------------------------------------------------------------------+
; Parameter Name ; Value ; Type                                                                ;
+----------------+-------+---------------------------------------------------------------------+
; width          ; 32    ; Signed Integer                                                      ;
+----------------+-------+---------------------------------------------------------------------+
Note: In order to hide this table in the UI and the text report file, please set the "Show Parameter Settings in Synthesis Report" option in "Analysis and Synthesis Settings -> More Settings" to "Off".


+---------------------------------------------------------+
; Parameter Settings for User Entity Instance: imem:imem1 ;
+------------------+-------+------------------------------+
; Parameter Name   ; Value ; Type                         ;
+------------------+-------+------------------------------+
; riscv_data_width ; 32    ; Signed Integer               ;
+------------------+-------+------------------------------+
Note: In order to hide this table in the UI and the text report file, please set the "Show Parameter Settings in Synthesis Report" option in "Analysis and Synthesis Settings -> More Settings" to "Off".


+---------------------------------------------------------+
; Parameter Settings for User Entity Instance: dmem:dmem1 ;
+------------------+-------+------------------------------+
; Parameter Name   ; Value ; Type                         ;
+------------------+-------+------------------------------+
; riscv_data_width ; 32    ; Signed Integer               ;
+------------------+-------+------------------------------+
Note: In order to hide this table in the UI and the text report file, please set the "Show Parameter Settings in Synthesis Report" option in "Analysis and Synthesis Settings -> More Settings" to "Off".


+-----------------------------------------------------------------------------------------------------------------------------------------+
; Port Connectivity Checks: "riscvsingle:rvsingle|datapath:dp|alu:mainalu"                                                                ;
+----------+--------+----------+----------------------------------------------------------------------------------------------------------+
; Port     ; Type   ; Severity ; Details                                                                                                  ;
+----------+--------+----------+----------------------------------------------------------------------------------------------------------+
; overflow ; Output ; Warning  ; Declared by entity but not connected by instance. Logic that only feeds a dangling port will be removed. ;
+----------+--------+----------+----------------------------------------------------------------------------------------------------------+


+---------------------------------------------------------------------------+
; Port Connectivity Checks: "riscvsingle:rvsingle|datapath:dp|adder:pcadd4" ;
+----------+-------+----------+---------------------------------------------+
; Port     ; Type  ; Severity ; Details                                     ;
+----------+-------+----------+---------------------------------------------+
; b[31..3] ; Input ; Info     ; Stuck at GND                                ;
; b[1..0]  ; Input ; Info     ; Stuck at GND                                ;
; b[2]     ; Input ; Info     ; Stuck at VCC                                ;
+----------+-------+----------+---------------------------------------------+


+----------------------------------------------------------------------------------------------------------------+
; Port Connectivity Checks: "riscvsingle:rvsingle|controller:c"                                                  ;
+------+--------+----------+-------------------------------------------------------------------------------------+
; Port ; Type   ; Severity ; Details                                                                             ;
+------+--------+----------+-------------------------------------------------------------------------------------+
; jump ; Output ; Info     ; Connected to dangling logic. Logic that only feeds a dangling port will be removed. ;
+------+--------+----------+-------------------------------------------------------------------------------------+


+-----------------------------------------------------+
; Post-Synthesis Netlist Statistics for Top Partition ;
+-----------------------+-----------------------------+
; Type                  ; Count                       ;
+-----------------------+-----------------------------+
; boundary_port         ; 67                          ;
; cycloneiii_lcell_comb ; 1                           ;
;     normal            ; 1                           ;
;         0 data inputs ; 1                           ;
;                       ;                             ;
; Max LUT depth         ; 0.00                        ;
; Average LUT depth     ; 0.00                        ;
+-----------------------+-----------------------------+


+-------------------------------+
; Elapsed Time Per Partition    ;
+----------------+--------------+
; Partition Name ; Elapsed Time ;
+----------------+--------------+
; Top            ; 00:00:00     ;
+----------------+--------------+


+-------------------------------+
; Analysis & Synthesis Messages ;
+-------------------------------+
Info: *******************************************************************
Info: Running Quartus Prime Analysis & Synthesis
    Info: Version 21.1.0 Build 842 10/21/2021 SJ Lite Edition
    Info: Processing started: Thu Dec 14 17:51:40 2023
Info: Command: quartus_map --read_settings_files=on --write_settings_files=off riscvsingle -c riscvsingle
Warning (18236): Number of processors has not been specified which may cause overloading on shared machines.  Set the global assignment NUM_PARALLEL_PROCESSORS in your QSF to an appropriate value for best performance.
Info (20030): Parallel compilation is enabled and will use 4 of the 4 processors detected
Info (12021): Found 2 design units, including 1 entities, in source file /users/usuario/desktop/colombari/projeto2023/src/top.vhd
    Info (12022): Found design unit 1: top-test File: C:/Users/Usuario/Desktop/colombari/Projeto2023/src/top.vhd Line: 37
    Info (12023): Found entity 1: top File: C:/Users/Usuario/Desktop/colombari/Projeto2023/src/top.vhd Line: 23
Info (12021): Found 2 design units, including 1 entities, in source file /users/usuario/desktop/colombari/projeto2023/src/testbench.vhd
    Info (12022): Found design unit 1: testbench-test File: C:/Users/Usuario/Desktop/colombari/Projeto2023/src/testbench.vhd Line: 31
    Info (12023): Found entity 1: testbench File: C:/Users/Usuario/Desktop/colombari/Projeto2023/src/testbench.vhd Line: 23
Info (12021): Found 2 design units, including 1 entities, in source file /users/usuario/desktop/colombari/projeto2023/src/imem.vhd
    Info (12022): Found design unit 1: imem-behave File: C:/Users/Usuario/Desktop/colombari/Projeto2023/src/imem.vhd Line: 37
    Info (12023): Found entity 1: imem File: C:/Users/Usuario/Desktop/colombari/Projeto2023/src/imem.vhd Line: 24
Info (12021): Found 2 design units, including 1 entities, in source file /users/usuario/desktop/colombari/projeto2023/src/dmem.vhd
    Info (12022): Found design unit 1: dmem-behave File: C:/Users/Usuario/Desktop/colombari/Projeto2023/src/dmem.vhd Line: 36
    Info (12023): Found entity 1: dmem File: C:/Users/Usuario/Desktop/colombari/Projeto2023/src/dmem.vhd Line: 23
Info (12021): Found 2 design units, including 1 entities, in source file /users/usuario/desktop/colombari/projeto2023/src/riscvsingle.vhd
    Info (12022): Found design unit 1: riscvsingle-struct File: C:/Users/Usuario/Desktop/colombari/Projeto2023/src/riscvsingle.vhd Line: 34
    Info (12023): Found entity 1: riscvsingle File: C:/Users/Usuario/Desktop/colombari/Projeto2023/src/riscvsingle.vhd Line: 19
Info (12021): Found 2 design units, including 1 entities, in source file /users/usuario/desktop/colombari/projeto2023/src/controller.vhd
    Info (12022): Found design unit 1: controller-struct File: C:/Users/Usuario/Desktop/colombari/Projeto2023/src/controller.vhd Line: 39
    Info (12023): Found entity 1: controller File: C:/Users/Usuario/Desktop/colombari/Projeto2023/src/controller.vhd Line: 19
Info (12021): Found 2 design units, including 1 entities, in source file /users/usuario/desktop/colombari/projeto2023/src/aludec.vhd
    Info (12022): Found design unit 1: aludec-behave File: C:/Users/Usuario/Desktop/colombari/Projeto2023/src/aludec.vhd Line: 28
    Info (12023): Found entity 1: aludec File: C:/Users/Usuario/Desktop/colombari/Projeto2023/src/aludec.vhd Line: 13
Info (12021): Found 2 design units, including 1 entities, in source file /users/usuario/desktop/colombari/projeto2023/src/maindec.vhd
    Info (12022): Found design unit 1: maindec-behave File: C:/Users/Usuario/Desktop/colombari/Projeto2023/src/maindec.vhd Line: 30
    Info (12023): Found entity 1: maindec File: C:/Users/Usuario/Desktop/colombari/Projeto2023/src/maindec.vhd Line: 13
Info (12021): Found 2 design units, including 1 entities, in source file /users/usuario/desktop/colombari/projeto2023/src/datapath.vhd
    Info (12022): Found design unit 1: datapath-struct File: C:/Users/Usuario/Desktop/colombari/Projeto2023/src/datapath.vhd Line: 40
    Info (12023): Found entity 1: datapath File: C:/Users/Usuario/Desktop/colombari/Projeto2023/src/datapath.vhd Line: 19
Info (12021): Found 2 design units, including 1 entities, in source file /users/usuario/desktop/colombari/projeto2023/src/adder.vhd
    Info (12022): Found design unit 1: adder-behave File: C:/Users/Usuario/Desktop/colombari/Projeto2023/src/adder.vhd Line: 27
    Info (12023): Found entity 1: adder File: C:/Users/Usuario/Desktop/colombari/Projeto2023/src/adder.vhd Line: 15
Info (12021): Found 2 design units, including 1 entities, in source file /users/usuario/desktop/colombari/projeto2023/src/regfile.vhd
    Info (12022): Found design unit 1: regfile-behave File: C:/Users/Usuario/Desktop/colombari/Projeto2023/src/regfile.vhd Line: 28
    Info (12023): Found entity 1: regfile File: C:/Users/Usuario/Desktop/colombari/Projeto2023/src/regfile.vhd Line: 14
Info (12021): Found 2 design units, including 1 entities, in source file /users/usuario/desktop/colombari/projeto2023/src/alu.vhd
    Info (12022): Found design unit 1: alu-synth File: C:/Users/Usuario/Desktop/colombari/Projeto2023/src/alu.vhd Line: 33
    Info (12023): Found entity 1: alu File: C:/Users/Usuario/Desktop/colombari/Projeto2023/src/alu.vhd Line: 19
Info (12021): Found 2 design units, including 0 entities, in source file /users/usuario/desktop/colombari/projeto2023/src/riscv_pkg.vhd
    Info (12022): Found design unit 1: riscv_pkg File: C:/Users/Usuario/Desktop/colombari/Projeto2023/src/riscv_pkg.vhd Line: 22
    Info (12022): Found design unit 2: riscv_pkg-body File: C:/Users/Usuario/Desktop/colombari/Projeto2023/src/riscv_pkg.vhd Line: 304
Info (12021): Found 2 design units, including 1 entities, in source file /users/usuario/desktop/colombari/projeto2023/src/mux3.vhd
    Info (12022): Found design unit 1: mux3-behave File: C:/Users/Usuario/Desktop/colombari/Projeto2023/src/mux3.vhd Line: 30
    Info (12023): Found entity 1: mux3 File: C:/Users/Usuario/Desktop/colombari/Projeto2023/src/mux3.vhd Line: 17
Info (12021): Found 2 design units, including 1 entities, in source file /users/usuario/desktop/colombari/projeto2023/src/mux2.vhd
    Info (12022): Found design unit 1: mux2-behave File: C:/Users/Usuario/Desktop/colombari/Projeto2023/src/mux2.vhd Line: 27
    Info (12023): Found entity 1: mux2 File: C:/Users/Usuario/Desktop/colombari/Projeto2023/src/mux2.vhd Line: 14
Info (12021): Found 2 design units, including 1 entities, in source file /users/usuario/desktop/colombari/projeto2023/src/flopr.vhd
    Info (12022): Found design unit 1: flopr-asynchronous File: C:/Users/Usuario/Desktop/colombari/Projeto2023/src/flopr.vhd Line: 31
    Info (12023): Found entity 1: flopr File: C:/Users/Usuario/Desktop/colombari/Projeto2023/src/flopr.vhd Line: 18
Info (12021): Found 2 design units, including 1 entities, in source file /users/usuario/desktop/colombari/projeto2023/src/flopenr.vhd
    Info (12022): Found design unit 1: flopenr-asynchronous File: C:/Users/Usuario/Desktop/colombari/Projeto2023/src/flopenr.vhd Line: 31
    Info (12023): Found entity 1: flopenr File: C:/Users/Usuario/Desktop/colombari/Projeto2023/src/flopenr.vhd Line: 18
Info (12021): Found 2 design units, including 1 entities, in source file /users/usuario/desktop/colombari/projeto2023/src/extend.vhd
    Info (12022): Found design unit 1: extend-behave File: C:/Users/Usuario/Desktop/colombari/Projeto2023/src/extend.vhd Line: 38
    Info (12023): Found entity 1: extend File: C:/Users/Usuario/Desktop/colombari/Projeto2023/src/extend.vhd Line: 26
Info (12127): Elaborating entity "top" for the top level hierarchy
Info (12128): Elaborating entity "riscvsingle" for hierarchy "riscvsingle:rvsingle" File: C:/Users/Usuario/Desktop/colombari/Projeto2023/src/top.vhd Line: 44
Warning (10036): Verilog HDL or VHDL warning at riscvsingle.vhd(35): object "Jump" assigned a value but never read File: C:/Users/Usuario/Desktop/colombari/Projeto2023/src/riscvsingle.vhd Line: 35
Info (12128): Elaborating entity "controller" for hierarchy "riscvsingle:rvsingle|controller:c" File: C:/Users/Usuario/Desktop/colombari/Projeto2023/src/riscvsingle.vhd Line: 39
Info (12128): Elaborating entity "maindec" for hierarchy "riscvsingle:rvsingle|controller:c|maindec:md" File: C:/Users/Usuario/Desktop/colombari/Projeto2023/src/controller.vhd Line: 44
Info (12128): Elaborating entity "aludec" for hierarchy "riscvsingle:rvsingle|controller:c|aludec:ad" File: C:/Users/Usuario/Desktop/colombari/Projeto2023/src/controller.vhd Line: 57
Info (12128): Elaborating entity "datapath" for hierarchy "riscvsingle:rvsingle|datapath:dp" File: C:/Users/Usuario/Desktop/colombari/Projeto2023/src/riscvsingle.vhd Line: 55
Info (12128): Elaborating entity "flopr" for hierarchy "riscvsingle:rvsingle|datapath:dp|flopr:pcreg" File: C:/Users/Usuario/Desktop/colombari/Projeto2023/src/datapath.vhd Line: 48
Warning (10492): VHDL Process Statement warning at flopr.vhd(39): signal "d" is read inside the Process Statement but isn't in the Process Statement's sensitivity list File: C:/Users/Usuario/Desktop/colombari/Projeto2023/src/flopr.vhd Line: 39
Warning (10631): VHDL Process Statement warning at flopr.vhd(34): inferring latch(es) for signal or variable "q", which holds its previous value in one or more paths through the process File: C:/Users/Usuario/Desktop/colombari/Projeto2023/src/flopr.vhd Line: 34
Info (10041): Inferred latch for "q[0]" at flopr.vhd(34) File: C:/Users/Usuario/Desktop/colombari/Projeto2023/src/flopr.vhd Line: 34
Info (10041): Inferred latch for "q[1]" at flopr.vhd(34) File: C:/Users/Usuario/Desktop/colombari/Projeto2023/src/flopr.vhd Line: 34
Info (10041): Inferred latch for "q[2]" at flopr.vhd(34) File: C:/Users/Usuario/Desktop/colombari/Projeto2023/src/flopr.vhd Line: 34
Info (10041): Inferred latch for "q[3]" at flopr.vhd(34) File: C:/Users/Usuario/Desktop/colombari/Projeto2023/src/flopr.vhd Line: 34
Info (10041): Inferred latch for "q[4]" at flopr.vhd(34) File: C:/Users/Usuario/Desktop/colombari/Projeto2023/src/flopr.vhd Line: 34
Info (10041): Inferred latch for "q[5]" at flopr.vhd(34) File: C:/Users/Usuario/Desktop/colombari/Projeto2023/src/flopr.vhd Line: 34
Info (10041): Inferred latch for "q[6]" at flopr.vhd(34) File: C:/Users/Usuario/Desktop/colombari/Projeto2023/src/flopr.vhd Line: 34
Info (10041): Inferred latch for "q[7]" at flopr.vhd(34) File: C:/Users/Usuario/Desktop/colombari/Projeto2023/src/flopr.vhd Line: 34
Info (10041): Inferred latch for "q[8]" at flopr.vhd(34) File: C:/Users/Usuario/Desktop/colombari/Projeto2023/src/flopr.vhd Line: 34
Info (10041): Inferred latch for "q[9]" at flopr.vhd(34) File: C:/Users/Usuario/Desktop/colombari/Projeto2023/src/flopr.vhd Line: 34
Info (10041): Inferred latch for "q[10]" at flopr.vhd(34) File: C:/Users/Usuario/Desktop/colombari/Projeto2023/src/flopr.vhd Line: 34
Info (10041): Inferred latch for "q[11]" at flopr.vhd(34) File: C:/Users/Usuario/Desktop/colombari/Projeto2023/src/flopr.vhd Line: 34
Info (10041): Inferred latch for "q[12]" at flopr.vhd(34) File: C:/Users/Usuario/Desktop/colombari/Projeto2023/src/flopr.vhd Line: 34
Info (10041): Inferred latch for "q[13]" at flopr.vhd(34) File: C:/Users/Usuario/Desktop/colombari/Projeto2023/src/flopr.vhd Line: 34
Info (10041): Inferred latch for "q[14]" at flopr.vhd(34) File: C:/Users/Usuario/Desktop/colombari/Projeto2023/src/flopr.vhd Line: 34
Info (10041): Inferred latch for "q[15]" at flopr.vhd(34) File: C:/Users/Usuario/Desktop/colombari/Projeto2023/src/flopr.vhd Line: 34
Info (10041): Inferred latch for "q[16]" at flopr.vhd(34) File: C:/Users/Usuario/Desktop/colombari/Projeto2023/src/flopr.vhd Line: 34
Info (10041): Inferred latch for "q[17]" at flopr.vhd(34) File: C:/Users/Usuario/Desktop/colombari/Projeto2023/src/flopr.vhd Line: 34
Info (10041): Inferred latch for "q[18]" at flopr.vhd(34) File: C:/Users/Usuario/Desktop/colombari/Projeto2023/src/flopr.vhd Line: 34
Info (10041): Inferred latch for "q[19]" at flopr.vhd(34) File: C:/Users/Usuario/Desktop/colombari/Projeto2023/src/flopr.vhd Line: 34
Info (10041): Inferred latch for "q[20]" at flopr.vhd(34) File: C:/Users/Usuario/Desktop/colombari/Projeto2023/src/flopr.vhd Line: 34
Info (10041): Inferred latch for "q[21]" at flopr.vhd(34) File: C:/Users/Usuario/Desktop/colombari/Projeto2023/src/flopr.vhd Line: 34
Info (10041): Inferred latch for "q[22]" at flopr.vhd(34) File: C:/Users/Usuario/Desktop/colombari/Projeto2023/src/flopr.vhd Line: 34
Info (10041): Inferred latch for "q[23]" at flopr.vhd(34) File: C:/Users/Usuario/Desktop/colombari/Projeto2023/src/flopr.vhd Line: 34
Info (10041): Inferred latch for "q[24]" at flopr.vhd(34) File: C:/Users/Usuario/Desktop/colombari/Projeto2023/src/flopr.vhd Line: 34
Info (10041): Inferred latch for "q[25]" at flopr.vhd(34) File: C:/Users/Usuario/Desktop/colombari/Projeto2023/src/flopr.vhd Line: 34
Info (10041): Inferred latch for "q[26]" at flopr.vhd(34) File: C:/Users/Usuario/Desktop/colombari/Projeto2023/src/flopr.vhd Line: 34
Info (10041): Inferred latch for "q[27]" at flopr.vhd(34) File: C:/Users/Usuario/Desktop/colombari/Projeto2023/src/flopr.vhd Line: 34
Info (10041): Inferred latch for "q[28]" at flopr.vhd(34) File: C:/Users/Usuario/Desktop/colombari/Projeto2023/src/flopr.vhd Line: 34
Info (10041): Inferred latch for "q[29]" at flopr.vhd(34) File: C:/Users/Usuario/Desktop/colombari/Projeto2023/src/flopr.vhd Line: 34
Info (10041): Inferred latch for "q[30]" at flopr.vhd(34) File: C:/Users/Usuario/Desktop/colombari/Projeto2023/src/flopr.vhd Line: 34
Info (10041): Inferred latch for "q[31]" at flopr.vhd(34) File: C:/Users/Usuario/Desktop/colombari/Projeto2023/src/flopr.vhd Line: 34
Info (12128): Elaborating entity "adder" for hierarchy "riscvsingle:rvsingle|datapath:dp|adder:pcadd4" File: C:/Users/Usuario/Desktop/colombari/Projeto2023/src/datapath.vhd Line: 56
Info (12128): Elaborating entity "mux2" for hierarchy "riscvsingle:rvsingle|datapath:dp|mux2:pcmux" File: C:/Users/Usuario/Desktop/colombari/Projeto2023/src/datapath.vhd Line: 70
Info (12128): Elaborating entity "regfile" for hierarchy "riscvsingle:rvsingle|datapath:dp|regfile:rf" File: C:/Users/Usuario/Desktop/colombari/Projeto2023/src/datapath.vhd Line: 79
Info (12128): Elaborating entity "extend" for hierarchy "riscvsingle:rvsingle|datapath:dp|extend:ext" File: C:/Users/Usuario/Desktop/colombari/Projeto2023/src/datapath.vhd Line: 91
Info (12128): Elaborating entity "alu" for hierarchy "riscvsingle:rvsingle|datapath:dp|alu:mainalu" File: C:/Users/Usuario/Desktop/colombari/Projeto2023/src/datapath.vhd Line: 107
Info (12128): Elaborating entity "mux3" for hierarchy "riscvsingle:rvsingle|datapath:dp|mux3:resultmux" File: C:/Users/Usuario/Desktop/colombari/Projeto2023/src/datapath.vhd Line: 116
Info (12128): Elaborating entity "imem" for hierarchy "imem:imem1" File: C:/Users/Usuario/Desktop/colombari/Projeto2023/src/top.vhd Line: 47
Warning (10492): VHDL Process Statement warning at imem.vhd(63): signal "mem" is read inside the Process Statement but isn't in the Process Statement's sensitivity list File: C:/Users/Usuario/Desktop/colombari/Projeto2023/src/imem.vhd Line: 63
Info (12128): Elaborating entity "dmem" for hierarchy "dmem:dmem1" File: C:/Users/Usuario/Desktop/colombari/Projeto2023/src/top.vhd Line: 48
Info (276014): Found 3 instances of uninferred RAM logic
    Info (276007): RAM logic "riscvsingle:rvsingle|datapath:dp|regfile:rf|mem" is uninferred due to asynchronous read logic File: C:/Users/Usuario/Desktop/colombari/Projeto2023/src/regfile.vhd Line: 30
    Info (276007): RAM logic "imem:imem1|mem" is uninferred due to asynchronous read logic File: C:/Users/Usuario/Desktop/colombari/Projeto2023/src/imem.vhd Line: 59
    Info (276007): RAM logic "dmem:dmem1|mem" is uninferred due to asynchronous read logic File: C:/Users/Usuario/Desktop/colombari/Projeto2023/src/dmem.vhd Line: 40
Warning (12241): 1 hierarchies have connectivity warnings - see the Connectivity Checks report folder
Warning (13024): Output pins are stuck at VCC or GND
    Warning (13410): Pin "WriteData[0]" is stuck at GND File: C:/Users/Usuario/Desktop/colombari/Projeto2023/src/top.vhd Line: 31
    Warning (13410): Pin "WriteData[1]" is stuck at GND File: C:/Users/Usuario/Desktop/colombari/Projeto2023/src/top.vhd Line: 31
    Warning (13410): Pin "WriteData[2]" is stuck at GND File: C:/Users/Usuario/Desktop/colombari/Projeto2023/src/top.vhd Line: 31
    Warning (13410): Pin "WriteData[3]" is stuck at GND File: C:/Users/Usuario/Desktop/colombari/Projeto2023/src/top.vhd Line: 31
    Warning (13410): Pin "WriteData[4]" is stuck at GND File: C:/Users/Usuario/Desktop/colombari/Projeto2023/src/top.vhd Line: 31
    Warning (13410): Pin "WriteData[5]" is stuck at GND File: C:/Users/Usuario/Desktop/colombari/Projeto2023/src/top.vhd Line: 31
    Warning (13410): Pin "WriteData[6]" is stuck at GND File: C:/Users/Usuario/Desktop/colombari/Projeto2023/src/top.vhd Line: 31
    Warning (13410): Pin "WriteData[7]" is stuck at GND File: C:/Users/Usuario/Desktop/colombari/Projeto2023/src/top.vhd Line: 31
    Warning (13410): Pin "WriteData[8]" is stuck at GND File: C:/Users/Usuario/Desktop/colombari/Projeto2023/src/top.vhd Line: 31
    Warning (13410): Pin "WriteData[9]" is stuck at GND File: C:/Users/Usuario/Desktop/colombari/Projeto2023/src/top.vhd Line: 31
    Warning (13410): Pin "WriteData[10]" is stuck at GND File: C:/Users/Usuario/Desktop/colombari/Projeto2023/src/top.vhd Line: 31
    Warning (13410): Pin "WriteData[11]" is stuck at GND File: C:/Users/Usuario/Desktop/colombari/Projeto2023/src/top.vhd Line: 31
    Warning (13410): Pin "WriteData[12]" is stuck at GND File: C:/Users/Usuario/Desktop/colombari/Projeto2023/src/top.vhd Line: 31
    Warning (13410): Pin "WriteData[13]" is stuck at GND File: C:/Users/Usuario/Desktop/colombari/Projeto2023/src/top.vhd Line: 31
    Warning (13410): Pin "WriteData[14]" is stuck at GND File: C:/Users/Usuario/Desktop/colombari/Projeto2023/src/top.vhd Line: 31
    Warning (13410): Pin "WriteData[15]" is stuck at GND File: C:/Users/Usuario/Desktop/colombari/Projeto2023/src/top.vhd Line: 31
    Warning (13410): Pin "WriteData[16]" is stuck at GND File: C:/Users/Usuario/Desktop/colombari/Projeto2023/src/top.vhd Line: 31
    Warning (13410): Pin "WriteData[17]" is stuck at GND File: C:/Users/Usuario/Desktop/colombari/Projeto2023/src/top.vhd Line: 31
    Warning (13410): Pin "WriteData[18]" is stuck at GND File: C:/Users/Usuario/Desktop/colombari/Projeto2023/src/top.vhd Line: 31
    Warning (13410): Pin "WriteData[19]" is stuck at GND File: C:/Users/Usuario/Desktop/colombari/Projeto2023/src/top.vhd Line: 31
    Warning (13410): Pin "WriteData[20]" is stuck at GND File: C:/Users/Usuario/Desktop/colombari/Projeto2023/src/top.vhd Line: 31
    Warning (13410): Pin "WriteData[21]" is stuck at GND File: C:/Users/Usuario/Desktop/colombari/Projeto2023/src/top.vhd Line: 31
    Warning (13410): Pin "WriteData[22]" is stuck at GND File: C:/Users/Usuario/Desktop/colombari/Projeto2023/src/top.vhd Line: 31
    Warning (13410): Pin "WriteData[23]" is stuck at GND File: C:/Users/Usuario/Desktop/colombari/Projeto2023/src/top.vhd Line: 31
    Warning (13410): Pin "WriteData[24]" is stuck at GND File: C:/Users/Usuario/Desktop/colombari/Projeto2023/src/top.vhd Line: 31
    Warning (13410): Pin "WriteData[25]" is stuck at GND File: C:/Users/Usuario/Desktop/colombari/Projeto2023/src/top.vhd Line: 31
    Warning (13410): Pin "WriteData[26]" is stuck at GND File: C:/Users/Usuario/Desktop/colombari/Projeto2023/src/top.vhd Line: 31
    Warning (13410): Pin "WriteData[27]" is stuck at GND File: C:/Users/Usuario/Desktop/colombari/Projeto2023/src/top.vhd Line: 31
    Warning (13410): Pin "WriteData[28]" is stuck at GND File: C:/Users/Usuario/Desktop/colombari/Projeto2023/src/top.vhd Line: 31
    Warning (13410): Pin "WriteData[29]" is stuck at GND File: C:/Users/Usuario/Desktop/colombari/Projeto2023/src/top.vhd Line: 31
    Warning (13410): Pin "WriteData[30]" is stuck at GND File: C:/Users/Usuario/Desktop/colombari/Projeto2023/src/top.vhd Line: 31
    Warning (13410): Pin "WriteData[31]" is stuck at GND File: C:/Users/Usuario/Desktop/colombari/Projeto2023/src/top.vhd Line: 31
    Warning (13410): Pin "DataAdr[0]" is stuck at GND File: C:/Users/Usuario/Desktop/colombari/Projeto2023/src/top.vhd Line: 31
    Warning (13410): Pin "DataAdr[1]" is stuck at GND File: C:/Users/Usuario/Desktop/colombari/Projeto2023/src/top.vhd Line: 31
    Warning (13410): Pin "DataAdr[2]" is stuck at GND File: C:/Users/Usuario/Desktop/colombari/Projeto2023/src/top.vhd Line: 31
    Warning (13410): Pin "DataAdr[3]" is stuck at GND File: C:/Users/Usuario/Desktop/colombari/Projeto2023/src/top.vhd Line: 31
    Warning (13410): Pin "DataAdr[4]" is stuck at GND File: C:/Users/Usuario/Desktop/colombari/Projeto2023/src/top.vhd Line: 31
    Warning (13410): Pin "DataAdr[5]" is stuck at GND File: C:/Users/Usuario/Desktop/colombari/Projeto2023/src/top.vhd Line: 31
    Warning (13410): Pin "DataAdr[6]" is stuck at GND File: C:/Users/Usuario/Desktop/colombari/Projeto2023/src/top.vhd Line: 31
    Warning (13410): Pin "DataAdr[7]" is stuck at GND File: C:/Users/Usuario/Desktop/colombari/Projeto2023/src/top.vhd Line: 31
    Warning (13410): Pin "DataAdr[8]" is stuck at GND File: C:/Users/Usuario/Desktop/colombari/Projeto2023/src/top.vhd Line: 31
    Warning (13410): Pin "DataAdr[9]" is stuck at GND File: C:/Users/Usuario/Desktop/colombari/Projeto2023/src/top.vhd Line: 31
    Warning (13410): Pin "DataAdr[10]" is stuck at GND File: C:/Users/Usuario/Desktop/colombari/Projeto2023/src/top.vhd Line: 31
    Warning (13410): Pin "DataAdr[11]" is stuck at GND File: C:/Users/Usuario/Desktop/colombari/Projeto2023/src/top.vhd Line: 31
    Warning (13410): Pin "DataAdr[12]" is stuck at GND File: C:/Users/Usuario/Desktop/colombari/Projeto2023/src/top.vhd Line: 31
    Warning (13410): Pin "DataAdr[13]" is stuck at GND File: C:/Users/Usuario/Desktop/colombari/Projeto2023/src/top.vhd Line: 31
    Warning (13410): Pin "DataAdr[14]" is stuck at GND File: C:/Users/Usuario/Desktop/colombari/Projeto2023/src/top.vhd Line: 31
    Warning (13410): Pin "DataAdr[15]" is stuck at GND File: C:/Users/Usuario/Desktop/colombari/Projeto2023/src/top.vhd Line: 31
    Warning (13410): Pin "DataAdr[16]" is stuck at GND File: C:/Users/Usuario/Desktop/colombari/Projeto2023/src/top.vhd Line: 31
    Warning (13410): Pin "DataAdr[17]" is stuck at GND File: C:/Users/Usuario/Desktop/colombari/Projeto2023/src/top.vhd Line: 31
    Warning (13410): Pin "DataAdr[18]" is stuck at GND File: C:/Users/Usuario/Desktop/colombari/Projeto2023/src/top.vhd Line: 31
    Warning (13410): Pin "DataAdr[19]" is stuck at GND File: C:/Users/Usuario/Desktop/colombari/Projeto2023/src/top.vhd Line: 31
    Warning (13410): Pin "DataAdr[20]" is stuck at GND File: C:/Users/Usuario/Desktop/colombari/Projeto2023/src/top.vhd Line: 31
    Warning (13410): Pin "DataAdr[21]" is stuck at GND File: C:/Users/Usuario/Desktop/colombari/Projeto2023/src/top.vhd Line: 31
    Warning (13410): Pin "DataAdr[22]" is stuck at GND File: C:/Users/Usuario/Desktop/colombari/Projeto2023/src/top.vhd Line: 31
    Warning (13410): Pin "DataAdr[23]" is stuck at GND File: C:/Users/Usuario/Desktop/colombari/Projeto2023/src/top.vhd Line: 31
    Warning (13410): Pin "DataAdr[24]" is stuck at GND File: C:/Users/Usuario/Desktop/colombari/Projeto2023/src/top.vhd Line: 31
    Warning (13410): Pin "DataAdr[25]" is stuck at GND File: C:/Users/Usuario/Desktop/colombari/Projeto2023/src/top.vhd Line: 31
    Warning (13410): Pin "DataAdr[26]" is stuck at GND File: C:/Users/Usuario/Desktop/colombari/Projeto2023/src/top.vhd Line: 31
    Warning (13410): Pin "DataAdr[27]" is stuck at GND File: C:/Users/Usuario/Desktop/colombari/Projeto2023/src/top.vhd Line: 31
    Warning (13410): Pin "DataAdr[28]" is stuck at GND File: C:/Users/Usuario/Desktop/colombari/Projeto2023/src/top.vhd Line: 31
    Warning (13410): Pin "DataAdr[29]" is stuck at GND File: C:/Users/Usuario/Desktop/colombari/Projeto2023/src/top.vhd Line: 31
    Warning (13410): Pin "DataAdr[30]" is stuck at GND File: C:/Users/Usuario/Desktop/colombari/Projeto2023/src/top.vhd Line: 31
    Warning (13410): Pin "DataAdr[31]" is stuck at GND File: C:/Users/Usuario/Desktop/colombari/Projeto2023/src/top.vhd Line: 31
    Warning (13410): Pin "MemWrite" is stuck at GND File: C:/Users/Usuario/Desktop/colombari/Projeto2023/src/top.vhd Line: 32
Info (16010): Generating hard_block partition "hard_block:auto_generated_inst"
    Info (16011): Adding 0 node(s), including 0 DDIO, 0 PLL, 0 transceiver and 0 LCELL
Warning (21074): Design contains 2 input pin(s) that do not drive logic
    Warning (15610): No output dependent on input pin "clk" File: C:/Users/Usuario/Desktop/colombari/Projeto2023/src/top.vhd Line: 30
    Warning (15610): No output dependent on input pin "reset" File: C:/Users/Usuario/Desktop/colombari/Projeto2023/src/top.vhd Line: 30
Info (21057): Implemented 67 device resources after synthesis - the final resource count might be different
    Info (21058): Implemented 2 input pins
    Info (21059): Implemented 65 output pins
Info: Quartus Prime Analysis & Synthesis was successful. 0 errors, 75 warnings
    Info: Peak virtual memory: 4808 megabytes
    Info: Processing ended: Thu Dec 14 17:51:49 2023
    Info: Elapsed time: 00:00:09
    Info: Total CPU time (on all processors): 00:00:19


